\BOOKMARK [1][-]{section.1}{Promela}{}% 1
\BOOKMARK [2][-]{subsection.1.1}{Processes}{section.1}% 2
\BOOKMARK [2][-]{subsection.1.2}{Channels}{section.1}% 3
\BOOKMARK [2][-]{subsection.1.3}{Invariant}{section.1}% 4
\BOOKMARK [2][-]{subsection.1.4}{Trace}{section.1}% 5
\BOOKMARK [1][-]{section.2}{LTL}{}% 6
\BOOKMARK [2][-]{subsection.2.1}{Linear Time Properties}{section.2}% 7
\BOOKMARK [3][-]{subsubsection.2.1.1}{Safety}{subsection.2.1}% 8
\BOOKMARK [3][-]{subsubsection.2.1.2}{Liveness}{subsection.2.1}% 9
\BOOKMARK [3][-]{subsubsection.2.1.3}{Fairness}{subsection.2.1}% 10
\BOOKMARK [2][-]{subsection.2.2}{LTL}{section.2}% 11
\BOOKMARK [3][-]{subsubsection.2.2.1}{Syntax}{subsection.2.2}% 12
\BOOKMARK [3][-]{subsubsection.2.2.2}{Typical LTL Properties}{subsection.2.2}% 13
\BOOKMARK [3][-]{subsubsection.2.2.3}{LTL Properties for mutual exclusion}{subsection.2.2}% 14
\BOOKMARK [3][-]{subsubsection.2.2.4}{Fairness in LTL}{subsection.2.2}% 15
\BOOKMARK [2][-]{subsection.2.3}{Transition System}{section.2}% 16
\BOOKMARK [3][-]{subsubsection.2.3.1}{Deterministic observable behaviour}{subsection.2.3}% 17
\BOOKMARK [3][-]{subsubsection.2.3.2}{Execution fragment}{subsection.2.3}% 18
\BOOKMARK [2][-]{subsection.2.4}{Program Graphs}{section.2}% 19
\BOOKMARK [3][-]{subsubsection.2.4.1}{Transition System for a Program Graph}{subsection.2.4}% 20
\BOOKMARK [2][-]{subsection.2.5}{Parallel Composition of Transition Systems}{section.2}% 21
\BOOKMARK [3][-]{subsubsection.2.5.1}{Composed Program Graph PG1 ||| PG2}{subsection.2.5}% 22
\BOOKMARK [3][-]{subsubsection.2.5.2}{Handshaking TS1 "026B30D H TS2}{subsection.2.5}% 23
\BOOKMARK [1][-]{section.3}{Timed Automata}{}% 24
\BOOKMARK [2][-]{subsection.3.1}{Definition}{section.3}% 25
\BOOKMARK [2][-]{subsection.3.2}{Handshaking with timed automata}{section.3}% 26
\BOOKMARK [2][-]{subsection.3.3}{CTL Syntax}{section.3}% 27
\BOOKMARK [3][-]{subsubsection.3.3.1}{CTL properties}{subsection.3.3}% 28
\BOOKMARK [3][-]{subsubsection.3.3.2}{CTL examples}{subsection.3.3}% 29
\BOOKMARK [3][-]{subsubsection.3.3.3}{Derivations for eventually and always}{subsection.3.3}% 30
\BOOKMARK [2][-]{subsection.3.4}{Timed CTL \(TCTL\)}{section.3}% 31
\BOOKMARK [3][-]{subsubsection.3.4.1}{Definition}{subsection.3.4}% 32
\BOOKMARK [3][-]{subsubsection.3.4.2}{Example TCTL Properties}{subsection.3.4}% 33
\BOOKMARK [2][-]{subsection.3.5}{UPPAAL}{section.3}% 34
\BOOKMARK [1][-]{section.4}{Petri Nets}{}% 35
\BOOKMARK [2][-]{subsection.4.1}{Definition}{section.4}% 36
\BOOKMARK [2][-]{subsection.4.2}{Reachability}{section.4}% 37
