\BOOKMARK [1][-]{section.1}{Introduction}{}% 1
\BOOKMARK [1][-]{section.2}{Preliminaries}{}% 2
\BOOKMARK [2][-]{subsection.2.1}{Characteristics of Model Checking}{section.2}% 3
\BOOKMARK [2][-]{subsection.2.2}{Concurrency and Atomicity}{section.2}% 4
\BOOKMARK [2][-]{subsection.2.3}{Temporal Logic}{section.2}% 5
\BOOKMARK [1][-]{section.3}{PROMELA and SPIN}{}% 6
\BOOKMARK [2][-]{subsection.3.1}{PROMELA}{section.3}% 7
\BOOKMARK [3][-]{subsubsection.3.1.1}{Communication channels}{subsection.3.1}% 8
\BOOKMARK [2][-]{subsection.3.2}{Linear-Time Properties}{section.3}% 9
\BOOKMARK [3][-]{subsubsection.3.2.1}{Safety Properties}{subsection.3.2}% 10
\BOOKMARK [3][-]{subsubsection.3.2.2}{Liveness Properties}{subsection.3.2}% 11
\BOOKMARK [3][-]{subsubsection.3.2.3}{Fairness}{subsection.3.2}% 12
\BOOKMARK [2][-]{subsection.3.3}{Trace constraints}{section.3}% 13
\BOOKMARK [2][-]{subsection.3.4}{Never claims}{section.3}% 14
\BOOKMARK [1][-]{section.4}{Linear Temporal Logic}{}% 15
\BOOKMARK [2][-]{subsection.4.1}{Modelling concurrent systems}{section.4}% 16
\BOOKMARK [3][-]{subsubsection.4.1.1}{Transition systems}{subsection.4.1}% 17
\BOOKMARK [3][-]{subsubsection.4.1.2}{Data Dependent systems}{subsection.4.1}% 18
\BOOKMARK [3][-]{subsubsection.4.1.3}{Program graphs}{subsection.4.1}% 19
\BOOKMARK [1][-]{section.5}{Timed automata and UPPAAL}{}% 20
\BOOKMARK [2][-]{subsection.5.1}{CTL}{section.5}% 21
\BOOKMARK [1][-]{section.6}{Petri nets}{}% 22
